Fri Mar 27 21:43:47 2026       
+-----------------------------------------------------------------------------------------+
| NVIDIA-SMI 580.126.09             Driver Version: 580.126.09     CUDA Version: 13.0     |
+-----------------------------------------+------------------------+----------------------+
| GPU  Name                 Persistence-M | Bus-Id          Disp.A | Volatile Uncorr. ECC |
| Fan  Temp   Perf          Pwr:Usage/Cap |           Memory-Usage | GPU-Util  Compute M. |
|                                         |                        |               MIG M. |
|=========================================+========================+======================|
|   0  NVIDIA B200                    On  |   00000001:1B:00.0 Off |                    0 |
| N/A   30C    P0            145W / 1000W |       0MiB / 183359MiB |      0%      Default |
|                                         |                        |             Disabled |
+-----------------------------------------+------------------------+----------------------+

+-----------------------------------------------------------------------------------------+
| Processes:                                                                              |
|  GPU   GI   CI              PID   Type   Process name                        GPU Memory |
|        ID   ID                                                               Usage      |
|=========================================================================================|
|  No running processes found                                                             |
+-----------------------------------------------------------------------------------------+
============================================================
BEGIN HIGH-LEVEL DEBATE: The Conference 1) Notes that the issue of compulsory schooli...
============================================================

TURN 1 AGENT Agent A SUMMARY:

 
============================================================
PROPOSAL: ['Policy theme', 'Legal frameworks', 'Education system monitoring & evaluation']
ORCHESTRATOR RESULT: {'summary': 'The debate focused on the variability of compulsory schooling across countries and the lack of a universal recommendation. Key topics included policy themes, legal frameworks, and education system monitoring.', 'continue': False, 'selection': ['Policy theme', 'Legal frameworks', 'Education system monitoring & evaluation']}

TURN 1 AGENT Agent B SUMMARY:
The debate focused on the variability of compulsory schooling across countries and the lack of a universal recommendation. Key topics included policy themes, legal frameworks, and education system monitoring.
 
============================================================
PROPOSAL: ['Policy theme', 'Legal frameworks', 'Education system monitoring & evaluation']
ORCHESTRATOR RESULT: {'summary': 'The debate highlighted the variability of compulsory schooling across countries and the absence of a universal recommendation. Key areas discussed include policy themes, legal frameworks, and education system monitoring.', 'continue': False, 'selection': ['Policy theme', 'Legal frameworks', 'Education system monitoring & evaluation']}

TURN 2 AGENT Agent A SUMMARY:
The debate highlighted the variability of compulsory schooling across countries and the absence of a universal recommendation. Key areas discussed include policy themes, legal frameworks, and education system monitoring.
 
============================================================
PROPOSAL: ['Policy theme', 'Legal frameworks', 'Education system monitoring & evaluation', 'Cross-cutting themes & skills', 'Education orientation']
ORCHESTRATOR RESULT: {'summary': 'The debate emphasized the variability of compulsory schooling across countries and the lack of a universal solution. Key areas included policy themes, legal frameworks, education system monitoring, cross-cutting themes, and education orientation.', 'continue': False, 'selection': ['Policy theme', 'Legal frameworks', 'Education system monitoring & evaluation', 'Cross-cutting themes & skills', 'Education orientation']}
