Fri Mar 27 21:50:23 2026       
+-----------------------------------------------------------------------------------------+
| NVIDIA-SMI 580.126.09             Driver Version: 580.126.09     CUDA Version: 13.0     |
+-----------------------------------------+------------------------+----------------------+
| GPU  Name                 Persistence-M | Bus-Id          Disp.A | Volatile Uncorr. ECC |
| Fan  Temp   Perf          Pwr:Usage/Cap |           Memory-Usage | GPU-Util  Compute M. |
|                                         |                        |               MIG M. |
|=========================================+========================+======================|
|   0  NVIDIA B200                    On  |   00000001:1B:00.0 Off |                    0 |
| N/A   30C    P0            145W / 1000W |       0MiB / 183359MiB |      0%      Default |
|                                         |                        |             Disabled |
+-----------------------------------------+------------------------+----------------------+

+-----------------------------------------------------------------------------------------+
| Processes:                                                                              |
|  GPU   GI   CI              PID   Type   Process name                        GPU Memory |
|        ID   ID                                                               Usage      |
|=========================================================================================|
|  No running processes found                                                             |
+-----------------------------------------------------------------------------------------+
============================================================
BEGIN HIGH-LEVEL DEBATE: The Conference 1) Notes that the issue of compulsory schooli...
============================================================

TURN 1 AGENT Agent A SUMMARY:

 
============================================================
PROPOSAL: ['Policy theme', 'Legal frameworks', 'Education system monitoring & evaluation']
ORCHESTRATOR RESULT: {'summary': 'The debate focused on the variability of compulsory schooling across countries and the lack of a universal recommendation. Key points included policy themes, legal frameworks, and education system monitoring.', 'continue': False, 'selection': ['Policy theme', 'Legal frameworks', 'Education system monitoring & evaluation']}

TURN 1 AGENT Agent B SUMMARY:
The debate focused on the variability of compulsory schooling across countries and the lack of a universal recommendation. Key points included policy themes, legal frameworks, and education system monitoring.
 
============================================================
PROPOSAL: ['Policy theme', 'Legal frameworks', 'Education system monitoring & evaluation']
ORCHESTRATOR RESULT: {'summary': 'The debate highlighted the variability of compulsory schooling across countries and the absence of a universal recommendation. Key areas discussed include policy themes, legal frameworks, and education system monitoring.', 'continue': False, 'selection': ['Policy theme', 'Legal frameworks', 'Education system monitoring & evaluation']}

TURN 2 AGENT Agent A SUMMARY:
The debate highlighted the variability of compulsory schooling across countries and the absence of a universal recommendation. Key areas discussed include policy themes, legal frameworks, and education system monitoring.
 
============================================================
PROPOSAL: ['Policy theme', 'Legal frameworks', 'Education system monitoring & evaluation', 'Cross-cutting themes & skills', 'Education orientation']
ORCHESTRATOR RESULT: {'summary': 'The debate emphasized the variability of compulsory schooling across countries and the lack of a universal solution. Key areas included policy themes, legal frameworks, education system monitoring, cross-cutting themes, and education orientation.', 'continue': False, 'selection': ['Policy theme', 'Legal frameworks', 'Education system monitoring & evaluation', 'Cross-cutting themes & skills', 'Education orientation']}
============================================================
BEGIN HIGH-LEVEL DEBATE: 2) Recognizes that in countries where the number of schools ...
============================================================

TURN 1 AGENT Agent A SUMMARY:

 
============================================================
PROPOSAL: ['Policy theme', 'Education system monitoring & evaluation', 'Cross-cutting themes & skills']
ORCHESTRATOR RESULT: {'summary': "The debate focused on the importance of ensuring equitable access to schooling, particularly in regions where school numbers lag behind the school-age population. Key discussions revolved around policy frameworks, education system monitoring, and cross-cutting themes like equity and accessibility. The previous selection included 'Policy theme', 'Education system monitoring & evaluation', and 'Cross-cutting themes & skills'.", 'continue': False, 'selection': ['Policy theme', 'Education system monitoring & evaluation', 'Cross-cutting themes & skills']}

TURN 1 AGENT Agent B SUMMARY:
The debate focused on the importance of ensuring equitable access to schooling, particularly in regions where school numbers lag behind the school-age population. Key discussions revolved around policy frameworks, education system monitoring, and cross-cutting themes like equity and accessibility. The previous selection included 'Policy theme', 'Education system monitoring & evaluation', and 'Cross-cutting themes & skills'.
 
============================================================
PROPOSAL: ['Policy theme', 'Education system monitoring & evaluation', 'Cross-cutting themes & skills']
ORCHESTRATOR RESULT: {'summary': 'The debate emphasized the need to address equitable access to education in under-resourced regions, focusing on policy frameworks, system monitoring, and cross-cutting themes like equity. The discussion highlighted the shift from expanding school numbers to ensuring minimum years of schooling for all children.', 'continue': False, 'selection': ['Policy theme', 'Education system monitoring & evaluation', 'Cross-cutting themes & skills']}

TURN 2 AGENT Agent A SUMMARY:
The debate emphasized the need to address equitable access to education in under-resourced regions, focusing on policy frameworks, system monitoring, and cross-cutting themes like equity. The discussion highlighted the shift from expanding school numbers to ensuring minimum years of schooling for all children.
 
============================================================
PROPOSAL: ['Policy theme', 'Education system monitoring & evaluation', 'Cross-cutting themes & skills', 'Learner population', 'Education orientation']
ORCHESTRATOR RESULT: {'summary': 'The debate focused on equitable access to education, emphasizing policy frameworks, system monitoring, and cross-cutting themes like equity. The key issue is shifting from expanding school numbers to ensuring all children attend school for a minimum number of years, particularly in under-resourced regions.', 'continue': False, 'selection': ['Policy theme', 'Education system monitoring & evaluation', 'Cross-cutting themes & skills', 'Learner population', 'Education orientation']}
============================================================
BEGIN HIGH-LEVEL DEBATE: 3) While acknowledging that the number of compulsory school ...
============================================================

TURN 1 AGENT Agent A SUMMARY:

 
============================================================
PROPOSAL: ['Education level', 'Policy theme', 'Legal frameworks']
ORCHESTRATOR RESULT: {'summary': 'The paragraph emphasizes the importance of a minimum of seven years of compulsory schooling, highlighting it as a policy goal and noting its alignment with existing legal frameworks. It also touches on education policy and legal requirements.', 'continue': False, 'selection': ['Education level', 'Policy theme', 'Legal frameworks']}

TURN 1 AGENT Agent B SUMMARY:
The paragraph emphasizes the importance of a minimum of seven years of compulsory schooling, highlighting it as a policy goal and noting its alignment with existing legal frameworks. It also touches on education policy and legal requirements.
 
============================================================
PROPOSAL: ['Education level', 'Policy theme', 'Legal frameworks']
ORCHESTRATOR RESULT: {'summary': 'The paragraph underscores the importance of a minimum seven-year compulsory schooling requirement, framing it as a policy goal aligned with legal frameworks. It highlights the need for policy consistency and legal enforcement to ensure this standard is met globally.', 'continue': False, 'selection': ['Education level', 'Policy theme', 'Legal frameworks']}

TURN 2 AGENT Agent A SUMMARY:
The paragraph underscores the importance of a minimum seven-year compulsory schooling requirement, framing it as a policy goal aligned with legal frameworks. It highlights the need for policy consistency and legal enforcement to ensure this standard is met globally.
 
============================================================
PROPOSAL: ['Education level', 'Policy theme', 'Legal frameworks', 'Cross-cutting themes & skills', 'Education system monitoring & evaluation']
ORCHESTRATOR RESULT: {'summary': 'The paragraph emphasizes the importance of a minimum seven-year compulsory schooling requirement as a policy goal, aligning with legal frameworks and cross-cutting themes like education quality and equity. It highlights the need for global policy consistency and legal enforcement to ensure this standard is met.', 'continue': False, 'selection': ['Education level', 'Policy theme', 'Legal frameworks', 'Cross-cutting themes & skills', 'Education system monitoring & evaluation']}
============================================================
BEGIN HIGH-LEVEL DEBATE: 4) Considers that the school leaving age should not be set b...
============================================================

TURN 1 AGENT Agent A SUMMARY:

 
============================================================
PROPOSAL: ['Policy theme', 'Legal frameworks', 'Education orientation']
ORCHESTRATOR RESULT: {'summary': 'The debate focuses on the timing of school leaving age, emphasizing the need to ensure comprehensive child development before setting the age. Key points include policy considerations, legal frameworks, and educational orientation.', 'continue': False, 'selection': ['Policy theme', 'Legal frameworks', 'Education orientation']}

TURN 1 AGENT Agent B SUMMARY:
The debate focuses on the timing of school leaving age, emphasizing the need to ensure comprehensive child development before setting the age. Key points include policy considerations, legal frameworks, and educational orientation.
 
============================================================
PROPOSAL: ['Policy theme', 'Legal frameworks', 'Education orientation']
ORCHESTRATOR RESULT: {'summary': "The debate centers on determining the appropriate timing for setting the school leaving age, with a focus on ensuring that children have received adequate physical, intellectual, and moral education. The discussion involves policy considerations, legal frameworks, and educational orientation to balance child development with educational systems' requirements.", 'continue': False, 'selection': ['Policy theme', 'Legal frameworks', 'Education orientation']}

TURN 2 AGENT Agent A SUMMARY:
The debate centers on determining the appropriate timing for setting the school leaving age, with a focus on ensuring that children have received adequate physical, intellectual, and moral education. The discussion involves policy considerations, legal frameworks, and educational orientation to balance child development with educational systems' requirements.
 
============================================================
PROPOSAL: ['Policy theme', 'Legal frameworks', 'Education orientation', 'Cross-cutting themes & skills', 'Learner population']
ORCHESTRATOR RESULT: {'summary': 'The debate focuses on the timing of setting the school leaving age, emphasizing the need to ensure comprehensive child development in physical, intellectual, and moral education. Key considerations include policy themes, legal frameworks, educational orientation, cross-cutting themes, and learner population to balance educational requirements with child development.', 'continue': False, 'selection': ['Policy theme', 'Legal frameworks', 'Education orientation', 'Cross-cutting themes & skills', 'Learner population']}
============================================================
BEGIN HIGH-LEVEL DEBATE: 5) Draws the attention of Governments to the importance of e...
============================================================

TURN 1 AGENT Agent A SUMMARY:

 
============================================================
PROPOSAL: ['Policy theme', 'Legal frameworks', 'Education system monitoring & evaluation']
ORCHESTRATOR RESULT: {'summary': 'The debate focused on the need for governments to prioritize compulsory schooling and sanctions, emphasizing the importance of accompanying measures to ensure compliance. Key discussions revolved around policy themes, legal frameworks, and education system monitoring.', 'continue': False, 'selection': ['Policy theme', 'Legal frameworks', 'Education system monitoring & evaluation']}

TURN 1 AGENT Agent B SUMMARY:
The debate focused on the need for governments to prioritize compulsory schooling and sanctions, emphasizing the importance of accompanying measures to ensure compliance. Key discussions revolved around policy themes, legal frameworks, and education system monitoring.
 
============================================================
PROPOSAL: ['Policy theme', 'Legal frameworks', 'Education system monitoring & evaluation']
ORCHESTRATOR RESULT: {'summary': 'The debate emphasized the need for governments to prioritize compulsory schooling, sanctions, and accompanying measures to ensure compliance. Key topics included policy themes, legal frameworks, and education system monitoring.', 'continue': False, 'selection': ['Policy theme', 'Legal frameworks', 'Education system monitoring & evaluation']}

TURN 2 AGENT Agent A SUMMARY:
The debate emphasized the need for governments to prioritize compulsory schooling, sanctions, and accompanying measures to ensure compliance. Key topics included policy themes, legal frameworks, and education system monitoring.
 
============================================================
PROPOSAL: ['Policy theme', 'Legal frameworks', 'Education system monitoring & evaluation', 'Cross-cutting themes & skills', 'Education orientation']
ORCHESTRATOR RESULT: {'summary': 'The debate highlighted the importance of governments ensuring compulsory schooling and sanctions are supported by measures enabling compliance, focusing on policy themes, legal frameworks, and education system monitoring.', 'continue': False, 'selection': ['Policy theme', 'Legal frameworks', 'Education system monitoring & evaluation', 'Cross-cutting themes & skills', 'Education orientation']}
============================================================
BEGIN HIGH-LEVEL DEBATE: 6) Considers that, in principle, and for the majority of cou...
============================================================

TURN 1 AGENT Agent A SUMMARY:

 
============================================================
PROPOSAL: ['Education level', 'Policy theme', 'Legal frameworks', 'Education system monitoring & evaluation']
ORCHESTRATOR RESULT: {'summary': 'The debate focuses on extending schooling beyond 14 years with exceptions for specific cases like agricultural work. Key points include policy themes, legal frameworks, education level, and system monitoring.', 'continue': False, 'selection': ['Education level', 'Policy theme', 'Legal frameworks', 'Education system monitoring & evaluation']}

TURN 1 AGENT Agent B SUMMARY:
The debate focuses on extending schooling beyond 14 years with exceptions for specific cases like agricultural work. Key points include policy themes, legal frameworks, education level, and system monitoring.
 
============================================================
PROPOSAL: ['Education level', 'Policy theme', 'Legal frameworks', 'Education system monitoring & evaluation']
ORCHESTRATOR RESULT: {'summary': 'The debate centers on extending compulsory schooling beyond 14 years, with exceptions for temporary situations like agricultural work. Key areas include policy themes, legal frameworks, education level, and system monitoring.', 'continue': False, 'selection': ['Education level', 'Policy theme', 'Legal frameworks', 'Education system monitoring & evaluation']}

TURN 2 AGENT Agent A SUMMARY:
The debate centers on extending compulsory schooling beyond 14 years, with exceptions for temporary situations like agricultural work. Key areas include policy themes, legal frameworks, education level, and system monitoring.
 
============================================================
PROPOSAL: ['Education level', 'Policy theme', 'Legal frameworks', 'Education system monitoring & evaluation', 'Curriculum', 'Pedagogy & assessment', 'Stakeholder focus']
ORCHESTRATOR RESULT: {'summary': 'The debate focuses on extending compulsory schooling beyond 14 years, with temporary exemptions for specific circumstances. Key areas include policy themes, legal frameworks, education level, curriculum, pedagogy, and stakeholder considerations.', 'continue': False, 'selection': ['Education level', 'Policy theme', 'Legal frameworks', 'Education system monitoring & evaluation', 'Curriculum', 'Pedagogy & assessment', 'Stakeholder focus']}
============================================================
BEGIN HIGH-LEVEL DEBATE: 7) Proclaims that the issue of extending schooling must be r...
============================================================

TURN 1 AGENT Agent A SUMMARY:

 
============================================================
PROPOSAL: ['Policy theme', 'Cross-cutting themes & skills']
ORCHESTRATOR RESULT: {'summary': 'The debate focuses on the interconnectedness of schooling extension and work admission age, highlighting policy and cross-cutting themes.', 'continue': False, 'selection': ['Policy theme', 'Cross-cutting themes & skills']}

TURN 1 AGENT Agent B SUMMARY:
The debate focuses on the interconnectedness of schooling extension and work admission age, highlighting policy and cross-cutting themes.
 
============================================================
PROPOSAL: ['Policy theme', 'Cross-cutting themes & skills']
ORCHESTRATOR RESULT: {'summary': 'The debate emphasizes the need to address schooling extension and work admission age together, focusing on policy and cross-cutting themes.', 'continue': False, 'selection': ['Policy theme', 'Cross-cutting themes & skills']}

TURN 2 AGENT Agent A SUMMARY:
The debate emphasizes the need to address schooling extension and work admission age together, focusing on policy and cross-cutting themes.
 
============================================================
PROPOSAL: ['Policy theme', 'Cross-cutting themes & skills', 'Education system monitoring & evaluation']
ORCHESTRATOR RESULT: {'summary': 'The debate highlights the importance of integrating the extension of schooling with the age of admission to work, emphasizing policy, cross-cutting themes, and system monitoring.', 'continue': False, 'selection': ['Policy theme', 'Cross-cutting themes & skills', 'Education system monitoring & evaluation']}
============================================================
BEGIN HIGH-LEVEL DEBATE: 8) Wishes that, at the national level, the most complete coo...
============================================================

TURN 1 AGENT Agent A SUMMARY:

 
============================================================
PROPOSAL: ['Policy theme', 'Cross-cutting themes & skills', 'Education system monitoring & evaluation']
ORCHESTRATOR RESULT: {'summary': 'The debate focused on the need for coordination between education and labor departments at the national level and international research on employment age and compulsory schooling. The previous selection included Policy theme, Cross-cutting themes & skills, and Education system monitoring & evaluation.', 'continue': False, 'selection': ['Policy theme', 'Cross-cutting themes & skills', 'Education system monitoring & evaluation']}

TURN 1 AGENT Agent B SUMMARY:
The debate focused on the need for coordination between education and labor departments at the national level and international research on employment age and compulsory schooling. The previous selection included Policy theme, Cross-cutting themes & skills, and Education system monitoring & evaluation.
 
============================================================
PROPOSAL: ['Policy theme', 'Cross-cutting themes & skills']
ORCHESTRATOR RESULT: {'summary': 'The debate emphasized coordination between education and labor departments nationally and international research on employment age and compulsory schooling. Previous selections included Policy theme, Cross-cutting themes & skills, and Education system monitoring & evaluation.', 'continue': False, 'selection': ['Policy theme', 'Cross-cutting themes & skills', 'Education system monitoring & evaluation']}

TURN 2 AGENT Agent A SUMMARY:
The debate emphasized coordination between education and labor departments nationally and international research on employment age and compulsory schooling. Previous selections included Policy theme, Cross-cutting themes & skills, and Education system monitoring & evaluation.
 
============================================================
PROPOSAL: ['Policy theme', 'Cross-cutting themes & skills', 'Education system monitoring & evaluation', 'Legal frameworks']
ORCHESTRATOR RESULT: {'summary': 'The debate focused on national coordination between education and labor departments, as well as international research on employment age and compulsory schooling. Previous selections included Policy theme, Cross-cutting themes & skills, and Education system monitoring & evaluation.', 'continue': False, 'selection': ['Policy theme', 'Cross-cutting themes & skills', 'Education system monitoring & evaluation', 'Legal frameworks']}
============================================================
BEGIN HIGH-LEVEL DEBATE: 9) Wishes that the education provided in the proper school s...
============================================================

TURN 1 AGENT Agent A SUMMARY:

 
============================================================
PROPOSAL: ['Education orientation', 'Curriculum', 'Pedagogy & assessment', 'Cross-cutting themes & skills', 'Policy theme']
ORCHESTRATOR RESULT: {'summary': 'The debate focused on extending compulsory education beyond school to include post-school education with a focus on general training aligned with regional needs, practical vocational skills, and home economics for girls. Key topics included curriculum design, pedagogical approaches, cross-cutting themes like physical and moral training, policy frameworks, and education orientation.', 'continue': False, 'selection': ['Education orientation', 'Curriculum', 'Pedagogy & assessment', 'Cross-cutting themes & skills', 'Policy theme']}

TURN 1 AGENT Agent B SUMMARY:
The debate focused on extending compulsory education beyond school to include post-school education with a focus on general training aligned with regional needs, practical vocational skills, and home economics for girls. Key topics included curriculum design, pedagogical approaches, cross-cutting themes like physical and moral training, policy frameworks, and education orientation.
 
============================================================
PROPOSAL: ['Education orientation', 'Curriculum', 'Pedagogy & assessment', 'Cross-cutting themes & skills', 'Policy theme']
ORCHESTRATOR RESULT: {'summary': 'The debate centered on expanding compulsory education beyond traditional schools to include post-school education emphasizing general training aligned with regional needs, vocational skills, and home economics for girls. Key areas included curriculum design, pedagogical methods, cross-cutting themes like physical and moral training, policy frameworks, and education orientation.', 'continue': False, 'selection': ['Education orientation', 'Curriculum', 'Cross-cutting themes & skills', 'Policy theme']}

TURN 2 AGENT Agent A SUMMARY:
The debate centered on expanding compulsory education beyond traditional schools to include post-school education emphasizing general training aligned with regional needs, vocational skills, and home economics for girls. Key areas included curriculum design, pedagogical methods, cross-cutting themes like physical and moral training, policy frameworks, and education orientation.
 
============================================================
PROPOSAL: ['Education orientation', 'Curriculum', 'Cross-cutting themes & skills', 'Policy theme', 'Education system monitoring & evaluation', 'Legal frameworks']
ORCHESTRATOR RESULT: {'summary': 'The debate focused on extending compulsory education beyond traditional schools to include post-school education emphasizing general training aligned with regional needs, vocational skills, and home economics for girls. Key areas included curriculum design, pedagogical methods, cross-cutting themes like physical and moral training, policy frameworks, and education orientation.', 'continue': False, 'selection': ['Education orientation', 'Curriculum', 'Cross-cutting themes & skills', 'Policy theme', 'Education system monitoring & evaluation', 'Legal frameworks']}
============================================================
BEGIN HIGH-LEVEL DEBATE: 10) Considers it desirable that any measure concerning the e...
============================================================

TURN 1 AGENT Agent A SUMMARY:

 
============================================================
PROPOSAL: ['Curriculum', 'Policy theme', 'Cross-cutting themes & skills']
ORCHESTRATOR RESULT: {'summary': 'The paragraph emphasizes the need for coordination among education types and curriculum continuity in extending schooling. Previous debate focused on curriculum, policy, and cross-cutting themes. The new input aligns with these, highlighting coordination and continuity as key considerations.', 'continue': False, 'selection': ['Curriculum', 'Policy theme', 'Cross-cutting themes & skills']}

TURN 1 AGENT Agent B SUMMARY:
The paragraph emphasizes the need for coordination among education types and curriculum continuity in extending schooling. Previous debate focused on curriculum, policy, and cross-cutting themes. The new input aligns with these, highlighting coordination and continuity as key considerations.
 
============================================================
PROPOSAL: ['Curriculum', 'Policy theme', 'Cross-cutting themes & skills']
ORCHESTRATOR RESULT: {'summary': 'The paragraph underscores the importance of coordinating different education types and maintaining curriculum continuity when expanding schooling. Previous discussions centered on curriculum, policy, and cross-cutting themes, with this input reinforcing the need for coordination and continuity as central considerations.', 'continue': False, 'selection': ['Curriculum', 'Policy theme', 'Cross-cutting themes & skills']}

TURN 2 AGENT Agent A SUMMARY:
The paragraph underscores the importance of coordinating different education types and maintaining curriculum continuity when expanding schooling. Previous discussions centered on curriculum, policy, and cross-cutting themes, with this input reinforcing the need for coordination and continuity as central considerations.
 
============================================================
PROPOSAL: ['Curriculum', 'Policy theme', 'Cross-cutting themes & skills', 'Education orientation']
ORCHESTRATOR RESULT: {'summary': 'The paragraph emphasizes the need to coordinate various education types and ensure curriculum continuity when expanding schooling. Previous discussions focused on curriculum, policy, and cross-cutting themes, with this input reinforcing the importance of coordination and continuity as central considerations.', 'continue': False, 'selection': ['Curriculum', 'Policy theme', 'Cross-cutting themes & skills', 'Education orientation']}
