Fri Mar 27 20:57:30 2026       
+---------------------------------------------------------------------------------------+
| NVIDIA-SMI 535.288.01             Driver Version: 535.288.01   CUDA Version: 12.2     |
|-----------------------------------------+----------------------+----------------------+
| GPU  Name                 Persistence-M | Bus-Id        Disp.A | Volatile Uncorr. ECC |
| Fan  Temp   Perf          Pwr:Usage/Cap |         Memory-Usage | GPU-Util  Compute M. |
|                                         |                      |               MIG M. |
|=========================================+======================+======================|
|   0  NVIDIA A100-SXM4-40GB          On  | 00000000:17:00.0 Off |                    0 |
| N/A   34C    P0              53W / 400W |      0MiB / 40960MiB |      0%      Default |
|                                         |                      |             Disabled |
+-----------------------------------------+----------------------+----------------------+
                                                                                         
+---------------------------------------------------------------------------------------+
| Processes:                                                                            |
|  GPU   GI   CI        PID   Type   Process name                            GPU Memory |
|        ID   ID                                                             Usage      |
|=======================================================================================|
|  No running processes found                                                           |
+---------------------------------------------------------------------------------------+
============================================================
BEGIN HIGH-LEVEL DEBATE: The Conference 1) Notes that the issue of compulsory schooli...
============================================================

TURN 1 AGENT Agent A SUMMARY:

 
============================================================
PROPOSAL: ['Education level', 'Policy theme', 'Education system monitoring & evaluation']
ORCHESTRATOR RESULT: {'summary': 'The debate highlights the variability of compulsory schooling across countries and the lack of a unified approach, emphasizing the need for context-specific policies and monitoring mechanisms.', 'continue': True, 'selection': ['Education level', 'Policy theme', 'Education system monitoring & evaluation']}

TURN 1 AGENT Agent B SUMMARY:
The debate highlights the variability of compulsory schooling across countries and the lack of a unified approach, emphasizing the need for context-specific policies and monitoring mechanisms.
 
============================================================
PROPOSAL: ['Policy theme', 'Education system monitoring & evaluation']
ORCHESTRATOR RESULT: {'summary': 'The debate emphasizes the diverse implementation of compulsory schooling across nations, with no universal solution recommended. It underscores the importance of tailoring policies to local contexts and the necessity of robust monitoring and evaluation frameworks to adapt to varying educational needs.', 'continue': True, 'selection': ['Policy theme', 'Education system monitoring & evaluation']}

TURN 2 AGENT Agent A SUMMARY:
The debate emphasizes the diverse implementation of compulsory schooling across nations, with no universal solution recommended. It underscores the importance of tailoring policies to local contexts and the necessity of robust monitoring and evaluation frameworks to adapt to varying educational needs.
 
============================================================
PROPOSAL: ['Policy theme', 'Education system monitoring & evaluation', 'Cross-cutting themes & skills']
ORCHESTRATOR RESULT: {'summary': 'The debate highlights the variability in compulsory schooling policies across countries, emphasizing the lack of a one-size-fits-all approach. It stresses the importance of context-specific policies, robust monitoring and evaluation systems, and the need to address cross-cutting themes such as equity, quality, and adaptability in education systems.', 'continue': True, 'selection': ['Policy theme', 'Education system monitoring & evaluation', 'Cross-cutting themes & skills']}

TURN 2 AGENT Agent B SUMMARY:
The debate highlights the variability in compulsory schooling policies across countries, emphasizing the lack of a one-size-fits-all approach. It stresses the importance of context-specific policies, robust monitoring and evaluation systems, and the need to address cross-cutting themes such as equity, quality, and adaptability in education systems.
 
============================================================
PROPOSAL: ['Policy theme', 'Education system monitoring & evaluation', 'Cross-cutting themes & skills']
ORCHESTRATOR RESULT: {'summary': 'The debate underscores the diverse manifestations of compulsory schooling policies across nations, rejecting a universal solution. It emphasizes the necessity for context-sensitive approaches, strengthened monitoring and evaluation frameworks, and the integration of cross-cutting themes like equity, quality, and adaptability. Legal and policy considerations are also highlighted as critical components in shaping effective education systems.', 'continue': True, 'selection': ['Policy theme', 'Education system monitoring & evaluation', 'Cross-cutting themes & skills', 'Legal frameworks']}

TURN 3 AGENT Agent A SUMMARY:
The debate underscores the diverse manifestations of compulsory schooling policies across nations, rejecting a universal solution. It emphasizes the necessity for context-sensitive approaches, strengthened monitoring and evaluation frameworks, and the integration of cross-cutting themes like equity, quality, and adaptability. Legal and policy considerations are also highlighted as critical components in shaping effective education systems.
 
============================================================
PROPOSAL: ['Policy theme', 'Education system monitoring & evaluation', 'Cross-cutting themes & skills', 'Legal frameworks']
ORCHESTRATOR RESULT: {'summary': 'The debate underscores the diverse manifestations of compulsory schooling policies across nations, rejecting a universal solution. It emphasizes the necessity for context-sensitive approaches, strengthened monitoring and evaluation frameworks, and the integration of cross-cutting themes like equity, quality, and adaptability. Legal and policy considerations are also highlighted as critical components in shaping effective education systems.', 'continue': True, 'selection': []}

TURN 3 AGENT Agent B SUMMARY:
The debate underscores the diverse manifestations of compulsory schooling policies across nations, rejecting a universal solution. It emphasizes the necessity for context-sensitive approaches, strengthened monitoring and evaluation frameworks, and the integration of cross-cutting themes like equity, quality, and adaptability. Legal and policy considerations are also highlighted as critical components in shaping effective education systems.
 
============================================================
PROPOSAL: ['Policy theme', 'Education system monitoring & evaluation', 'Cross-cutting themes & skills']
ORCHESTRATOR RESULT: {'summary': 'The debate highlights the variability of compulsory schooling policies across countries, rejecting a one-size-fits-all approach. It stresses the importance of context-specific strategies, robust monitoring and evaluation systems, and integrating cross-cutting themes such as equity, quality, and adaptability. Legal and policy frameworks are identified as essential in developing effective education systems.', 'continue': True, 'selection': ['Policy theme', 'Education system monitoring & evaluation', 'Cross-cutting themes & skills']}

TURN 4 AGENT Agent A SUMMARY:
The debate highlights the variability of compulsory schooling policies across countries, rejecting a one-size-fits-all approach. It stresses the importance of context-specific strategies, robust monitoring and evaluation systems, and integrating cross-cutting themes such as equity, quality, and adaptability. Legal and policy frameworks are identified as essential in developing effective education systems.
 
============================================================
PROPOSAL: ['Policy theme', 'Education system monitoring & evaluation', 'Cross-cutting themes & skills', 'Legal frameworks']
ORCHESTRATOR RESULT: {'summary': 'The debate emphasizes the diverse implementation of compulsory schooling policies across nations, advocating against standardized solutions. It underscores the necessity of context-sensitive approaches, emphasizing robust monitoring and evaluation mechanisms, integration of cross-cutting themes like equity and adaptability, and the role of legal and policy frameworks in shaping effective education systems.', 'continue': True, 'selection': ['Policy theme', 'Education system monitoring & evaluation', 'Cross-cutting themes & skills', 'Legal frameworks']}

TURN 4 AGENT Agent B SUMMARY:
The debate emphasizes the diverse implementation of compulsory schooling policies across nations, advocating against standardized solutions. It underscores the necessity of context-sensitive approaches, emphasizing robust monitoring and evaluation mechanisms, integration of cross-cutting themes like equity and adaptability, and the role of legal and policy frameworks in shaping effective education systems.
 
============================================================
PROPOSAL: ['Policy theme', 'Education system monitoring & evaluation', 'Cross-cutting themes & skills']
ORCHESTRATOR RESULT: {'summary': 'The debate highlights the varied approaches to compulsory schooling across countries, rejecting one-size-fits-all solutions. It stresses the importance of context-specific policies, robust monitoring and evaluation, integration of cross-cutting themes such as equity and adaptability, and the role of legal and policy frameworks in shaping effective education systems.', 'continue': True, 'selection': ['Policy theme', 'Education system monitoring & evaluation', 'Cross-cutting themes & skills']}

TURN 5 AGENT Agent A SUMMARY:
The debate highlights the varied approaches to compulsory schooling across countries, rejecting one-size-fits-all solutions. It stresses the importance of context-specific policies, robust monitoring and evaluation, integration of cross-cutting themes such as equity and adaptability, and the role of legal and policy frameworks in shaping effective education systems.
 
============================================================
PROPOSAL: ['Policy theme', 'Education system monitoring & evaluation', 'Cross-cutting themes & skills', 'Legal frameworks']
ORCHESTRATOR RESULT: {'summary': 'The debate highlights the varied approaches to compulsory schooling across countries, rejecting one-size-fits-all solutions. It stresses the importance of context-specific policies, robust monitoring and evaluation, integration of cross-cutting themes such as equity and adaptability, and the role of legal and policy frameworks in shaping effective education systems.', 'continue': True, 'selection': []}

TURN 5 AGENT Agent B SUMMARY:
The debate highlights the varied approaches to compulsory schooling across countries, rejecting one-size-fits-all solutions. It stresses the importance of context-specific policies, robust monitoring and evaluation, integration of cross-cutting themes such as equity and adaptability, and the role of legal and policy frameworks in shaping effective education systems.
 
============================================================
PROPOSAL: ['Policy theme', 'Education system monitoring & evaluation', 'Cross-cutting themes & skills']
ORCHESTRATOR RESULT: {'summary': 'The debate emphasizes the diversity of compulsory schooling implementations across nations, advocating for context-specific policies rather than universal standards. It underscores the necessity of robust monitoring and evaluation systems, the integration of cross-cutting themes like equity and adaptability, and the significance of legal and policy frameworks in shaping effective education systems.', 'continue': True, 'selection': ['Policy theme', 'Education system monitoring & evaluation', 'Cross-cutting themes & skills']}
============================================================
BEGIN LOW-LEVEL DEBATE: The Conference 1) Notes that the issue of compulsory schooli...
============================================================

TURN 1 AGENT Agent A SUMMARY:

 
PROPOSAL: ['Governance and planning', 'International cooperation and partnerships']

TURN 1 AGENT Agent B SUMMARY:
The debate discusses the variation in compulsory schooling policies across countries and the lack of a universal solution. The focus is on how different nations approach this issue and the need for tailored strategies. Agent A highlighted governance and international cooperation as key areas.
 
PROPOSAL: ['Governance and planning']

TURN 2 AGENT Agent A SUMMARY:
The debate discusses the variation in compulsory schooling policies across countries and the lack of a universal solution. The focus is on how different nations approach this issue and the need for tailored strategies. Agent A highlighted governance and international cooperation as key areas.
 
PROPOSAL: ['Governance and planning', 'International cooperation and partnerships']

TURN 2 AGENT Agent B SUMMARY:
The debate discusses the variation in compulsory schooling policies across countries and the lack of a universal solution. The focus is on how different nations approach this issue and the need for tailored strategies. Agent A highlighted governance and international cooperation as key areas.
 
PROPOSAL: ['Governance and planning']

TURN 3 AGENT Agent A SUMMARY:
The debate discusses the variation in compulsory schooling policies across countries and the lack of a universal solution. The focus is on how different nations approach this issue and the need for tailored strategies. Agent A highlighted governance and international cooperation as key areas.
 
PROPOSAL: ['Governance and planning', 'International cooperation and partnerships']

TURN 3 AGENT Agent B SUMMARY:
The debate discusses the variation in compulsory schooling policies across countries and the lack of a universal solution. The focus is on how different nations approach this issue and the need for tailored strategies. Agent A highlighted governance and international cooperation as key areas.
 
PROPOSAL: ['Governance and planning']
============================================================
BEGIN LOW-LEVEL DEBATE: The Conference 1) Notes that the issue of compulsory schooli...
============================================================

TURN 1 AGENT Agent A SUMMARY:

 
PROPOSAL: ['Education statistics and indicators', 'Research and surveys']

TURN 1 AGENT Agent B SUMMARY:
The debate discusses the variation in compulsory schooling policies across countries and the lack of a unified approach. The focus is on understanding these differences and the need for research to inform policy decisions.
 
PROPOSAL: ['Education statistics and indicators', 'Research and surveys']

TURN 2 AGENT Agent A SUMMARY:
The debate highlights the diverse implementation of compulsory schooling policies across countries and the absence of a standardized solution. It emphasizes the importance of research and data collection to analyze these variations and guide policy development.
 
PROPOSAL: ['Education statistics and indicators', 'Research and surveys', 'EMIS and data systems']

TURN 2 AGENT Agent B SUMMARY:
The debate underscores the varied approaches to compulsory schooling across nations and the lack of a universal solution. It stresses the need for research, data collection, and analysis to understand these differences and inform policy decisions.
 
PROPOSAL: ['Education statistics and indicators', 'Research and surveys']

TURN 3 AGENT Agent A SUMMARY:
The debate highlights the diverse implementation of compulsory schooling across countries and the absence of a one-size-fits-all approach. It emphasizes the importance of research and data collection to analyze these variations and guide policy development.
 
PROPOSAL: ['Education statistics and indicators', 'Research and surveys']

TURN 3 AGENT Agent B SUMMARY:
The debate underscores the varied approaches to compulsory schooling across nations and the lack of a universal solution. It stresses the need for research and statistical analysis to understand these differences and inform policy decisions.
 
PROPOSAL: ['Education statistics and indicators', 'Research and surveys']
============================================================
BEGIN LOW-LEVEL DEBATE: The Conference 1) Notes that the issue of compulsory schooli...
============================================================

TURN 1 AGENT Agent A SUMMARY:

 
PROPOSAL: ['Other cross-cutting theme']
============================================================
BEGIN HIGH-LEVEL DEBATE: 2) Recognizes that in countries where the number of schools ...
============================================================

TURN 1 AGENT Agent A SUMMARY:

 
============================================================
PROPOSAL: ['Education level', 'Education orientation', 'Policy theme', 'Learner population']
ORCHESTRATOR RESULT: {'summary': 'The debate highlights the focus on ensuring access to schooling for all children in regions where school infrastructure is insufficient, emphasizing the need for policy interventions to guarantee minimum years of education rather than just expanding the number of schools.', 'continue': True, 'selection': ['Education level', 'Education orientation', 'Policy theme', 'Learner population']}

TURN 1 AGENT Agent B SUMMARY:
The debate highlights the focus on ensuring access to schooling for all children in regions where school infrastructure is insufficient, emphasizing the need for policy interventions to guarantee minimum years of education rather than just expanding the number of schools.
 
============================================================
PROPOSAL: ['Education level', 'Education orientation', 'Policy theme', 'Learner population']
ORCHESTRATOR RESULT: {'summary': 'The debate emphasizes the shift from expanding school infrastructure to ensuring all children have access to a minimum number of years of education in regions with insufficient schools. Policy interventions are highlighted as critical to achieving this goal.', 'continue': True, 'selection': ['Education level', 'Education orientation', 'Policy theme', 'Learner population']}

TURN 2 AGENT Agent A SUMMARY:
The debate emphasizes the shift from expanding school infrastructure to ensuring all children have access to a minimum number of years of education in regions with insufficient schools. Policy interventions are highlighted as critical to achieving this goal.
 
============================================================
PROPOSAL: ['Education level', 'Education orientation', 'Policy theme', 'Learner population', 'Education system monitoring & evaluation']
ORCHESTRATOR RESULT: {'summary': 'The debate highlights the transition from expanding school infrastructure to prioritizing access to a minimum duration of education for all children in regions with inadequate school numbers. Policy interventions are emphasized as essential for achieving equitable educational opportunities.', 'continue': True, 'selection': ['Education level', 'Education orientation', 'Policy theme', 'Learner population', 'Education system monitoring & evaluation']}

TURN 2 AGENT Agent B SUMMARY:
The debate highlights the transition from expanding school infrastructure to prioritizing access to a minimum duration of education for all children in regions with inadequate school numbers. Policy interventions are emphasized as essential for achieving equitable educational opportunities.
 
============================================================
PROPOSAL: ['Policy theme', 'Learner population']
ORCHESTRATOR RESULT: {'summary': 'The debate emphasizes shifting focus from expanding school infrastructure to ensuring all children in underserved regions have access to a minimum duration of education. Policy frameworks and equitable access are highlighted as critical for addressing systemic gaps in education provision.', 'continue': True, 'selection': ['Policy theme', 'Learner population', 'Education system monitoring & evaluation']}

TURN 3 AGENT Agent A SUMMARY:
The debate emphasizes shifting focus from expanding school infrastructure to ensuring all children in underserved regions have access to a minimum duration of education. Policy frameworks and equitable access are highlighted as critical for addressing systemic gaps in education provision.
 
============================================================
PROPOSAL: ['Policy theme', 'Learner population', 'Education system monitoring & evaluation', 'Education orientation', 'Cross-cutting themes & skills']
ORCHESTRATOR RESULT: {'summary': 'The debate emphasizes shifting focus from expanding school infrastructure to ensuring all children in underserved regions have access to a minimum duration of education. Policy frameworks and equitable access are highlighted as critical for addressing systemic gaps in education provision.', 'continue': True, 'selection': []}

TURN 3 AGENT Agent B SUMMARY:
The debate emphasizes shifting focus from expanding school infrastructure to ensuring all children in underserved regions have access to a minimum duration of education. Policy frameworks and equitable access are highlighted as critical for addressing systemic gaps in education provision.
 
============================================================
PROPOSAL: ['Education orientation', 'Learner population', 'Policy theme']
ORCHESTRATOR RESULT: {'summary': 'The debate emphasizes shifting focus from expanding school infrastructure to ensuring all children in underserved regions have access to a minimum duration of education. Policy frameworks and equitable access are highlighted as critical for addressing systemic gaps in education provision.', 'continue': True, 'selection': []}

TURN 4 AGENT Agent A SUMMARY:
The debate emphasizes shifting focus from expanding school infrastructure to ensuring all children in underserved regions have access to a minimum duration of education. Policy frameworks and equitable access are highlighted as critical for addressing systemic gaps in education provision.
 
============================================================
PROPOSAL: ['Education orientation', 'Learner population', 'Policy theme', 'Education system monitoring & evaluation']
ORCHESTRATOR RESULT: {'summary': 'The debate highlights the need to prioritize equitable access to education over expanding school infrastructure, particularly in regions with insufficient schools relative to the school-age population. It underscores the importance of policy frameworks, system monitoring, and ensuring minimum educational duration for all children.', 'continue': True, 'selection': ['Education orientation', 'Learner population', 'Policy theme', 'Education system monitoring & evaluation']}

TURN 4 AGENT Agent B SUMMARY:
The debate highlights the need to prioritize equitable access to education over expanding school infrastructure, particularly in regions with insufficient schools relative to the school-age population. It underscores the importance of policy frameworks, system monitoring, and ensuring minimum educational duration for all children.
 
============================================================
PROPOSAL: ['Education orientation', 'Learner population', 'Policy theme', 'Education system monitoring & evaluation']
ORCHESTRATOR RESULT: {'summary': 'The debate emphasizes shifting focus from expanding school infrastructure to ensuring equitable access and minimum educational duration for all children, particularly in regions with insufficient schools. It highlights the role of policy frameworks, system monitoring, and addressing learner population needs.', 'continue': True, 'selection': ['Education orientation', 'Learner population', 'Policy theme', 'Education system monitoring & evaluation']}

TURN 5 AGENT Agent A SUMMARY:
The debate emphasizes shifting focus from expanding school infrastructure to ensuring equitable access and minimum educational duration for all children, particularly in regions with insufficient schools. It highlights the role of policy frameworks, system monitoring, and addressing learner population needs.
 
============================================================
PROPOSAL: ['Education orientation', 'Learner population', 'Policy theme', 'Education system monitoring & evaluation', 'Infrastructure & resources']
ORCHESTRATOR RESULT: {'summary': 'The debate underscores the priority of ensuring equitable access to education and meeting minimum attendance requirements over expanding school infrastructure, particularly in regions with inadequate school numbers. It highlights the importance of policy frameworks, system monitoring, and addressing the specific needs of learner populations.', 'continue': False, 'selection': ['Education orientation', 'Learner population', 'Policy theme', 'Education system monitoring & evaluation', 'Infrastructure & resources']}
============================================================
BEGIN LOW-LEVEL DEBATE: 2) Recognizes that in countries where the number of schools ...
============================================================

TURN 1 AGENT Agent A SUMMARY:

 
PROPOSAL: ['General (academic)', 'Combined general and vocational']

TURN 1 AGENT Agent B SUMMARY:
The debate focuses on educational access in regions with insufficient schools, emphasizing the need to ensure minimum years of schooling rather than expanding school numbers. The discussion involves academic and vocational education considerations.
 
PROPOSAL: ['General (academic)']

TURN 2 AGENT Agent A SUMMARY:
The debate centers on educational access in regions with insufficient schools, highlighting the priority of ensuring minimum years of schooling over expanding school numbers. The discussion touches on both academic and vocational education considerations.
 
PROPOSAL: ['General (academic)', 'Vocational/technical (TVET)']

TURN 2 AGENT Agent B SUMMARY:
The debate focuses on educational access in areas with inadequate school infrastructure, emphasizing the need to guarantee minimum years of schooling rather than merely increasing the number of schools. It acknowledges the relevance of both academic and vocational education in addressing this challenge.
 
PROPOSAL: ['General (academic)']

TURN 3 AGENT Agent A SUMMARY:
The debate centers on educational access in regions with insufficient school infrastructure, highlighting the priority of ensuring minimum years of schooling over simply expanding school numbers. It underscores the importance of both academic and vocational education in addressing this challenge.
 
PROPOSAL: ['General (academic)', 'Vocational/technical (TVET)']

TURN 3 AGENT Agent B SUMMARY:
The debate emphasizes the need to prioritize ensuring minimum years of schooling over expanding school numbers in regions with inadequate infrastructure. It highlights the importance of balancing academic and vocational education to address the challenge effectively.
 
PROPOSAL: ['General (academic)']
============================================================
BEGIN LOW-LEVEL DEBATE: 2) Recognizes that in countries where the number of schools ...
============================================================

TURN 1 AGENT Agent A SUMMARY:

 
PROPOSAL: ['Children (0-17)']

TURN 1 AGENT Agent B SUMMARY:

 
PROPOSAL: ['Children (0-17)']

TURN 2 AGENT Agent A SUMMARY:

 
PROPOSAL: ['Children (0-17)', 'Low-income and disadvantaged groups']

TURN 2 AGENT Agent B SUMMARY:
The debate focuses on addressing educational access for children in regions where school infrastructure is insufficient. The emphasis is on ensuring that all children have access to schooling for a minimum number of years rather than expanding the number of schools. The discussion highlights the need to prioritize equity and inclusion for vulnerable groups, particularly those in low-income and disadvantaged situations.
 
PROPOSAL: ['Children (0-17)', 'Low-income and disadvantaged groups']

TURN 3 AGENT Agent A SUMMARY:
The debate centers on improving educational access for children in areas with inadequate school infrastructure, prioritizing equitable access over expanding school numbers. Vulnerable groups, especially low-income and disadvantaged children, are highlighted as key focus areas.
 
PROPOSAL: ['Children (0-17)', 'Low-income and disadvantaged groups']

TURN 3 AGENT Agent B SUMMARY:
The debate focuses on addressing educational access for children in regions lacking sufficient schools, emphasizing equitable access rather than merely increasing school numbers. The discussion highlights the need to ensure that all children, particularly those from low-income and disadvantaged backgrounds, have the opportunity to attend school for a minimum number of years.
 
PROPOSAL: ['Children (0-17)', 'Low-income and disadvantaged groups']
============================================================
BEGIN LOW-LEVEL DEBATE: 2) Recognizes that in countries where the number of schools ...
============================================================

TURN 1 AGENT Agent A SUMMARY:

 
PROPOSAL: ['Access and equity', 'Governance and planning']

TURN 1 AGENT Agent B SUMMARY:
The debate focuses on addressing educational access in regions with insufficient school infrastructure, emphasizing the need to ensure minimum years of schooling rather than merely expanding the number of schools. The discussion highlights the importance of equitable access and systemic planning to meet the needs of the school-age population.
 
PROPOSAL: ['Access and equity', 'Governance and planning']

TURN 2 AGENT Agent A SUMMARY:
The debate centers on improving educational access in areas lacking sufficient school infrastructure, prioritizing equitable access and systemic planning to ensure all children receive a minimum number of years of schooling rather than focusing solely on expanding school numbers. Key themes include addressing disparities and aligning educational policies with population needs.
 
PROPOSAL: ['Access and equity', 'Governance and planning']

TURN 2 AGENT Agent B SUMMARY:
The debate centers on improving educational access in areas lacking sufficient school infrastructure, prioritizing equitable access and systemic planning to ensure all children receive a minimum number of years of schooling rather than focusing solely on expanding school numbers. Key themes include addressing disparities and aligning educational policies with population needs.
 
PROPOSAL: ['Access and equity', 'Governance and planning']

TURN 3 AGENT Agent A SUMMARY:
The debate focuses on enhancing educational access in regions with insufficient school infrastructure, emphasizing equitable access and systemic planning to guarantee all children receive a minimum number of years of schooling. The discussion highlights the need to address disparities and align educational policies with population needs, shifting the focus from merely expanding school numbers to ensuring quality access.
 
PROPOSAL: ['Access and equity', 'Governance and planning']

TURN 3 AGENT Agent B SUMMARY:
The debate centers on improving educational access in areas lacking sufficient school infrastructure, prioritizing equitable access and systemic planning to ensure all children receive a minimum number of years of schooling. The discussion underscores the need to address disparities and align policies with population needs, shifting focus from expanding school numbers to guaranteeing quality access.
 
PROPOSAL: ['Access and equity', 'Governance and planning']
============================================================
BEGIN LOW-LEVEL DEBATE: 2) Recognizes that in countries where the number of schools ...
============================================================

TURN 1 AGENT Agent A SUMMARY:

 
PROPOSAL: ['Education statistics and indicators', 'EMIS and data systems', 'Institutional evaluation and inspection']

TURN 1 AGENT Agent B SUMMARY:
The debate focuses on the prioritization of ensuring access to schooling over expanding the number of schools in regions with insufficient infrastructure. The discussion touches on the need for accurate education statistics, effective data systems (EMIS), and institutional evaluations to monitor and improve educational access and quality.
 
PROPOSAL: ['Education statistics and indicators', 'EMIS and data systems', 'Institutional evaluation and inspection']

TURN 2 AGENT Agent A SUMMARY:
The debate centers on prioritizing access to schooling over expanding school infrastructure in regions with inadequate facilities. It emphasizes the importance of education statistics, data systems (EMIS), and institutional evaluations to track progress and ensure quality in educational access.
 
PROPOSAL: ['Education statistics and indicators', 'EMIS and data systems', 'Institutional evaluation and inspection']

TURN 2 AGENT Agent B SUMMARY:
The debate focuses on addressing educational access in regions with insufficient school infrastructure by prioritizing opportunities for children to attend school for a minimum duration rather than expanding the number of schools. It highlights the need for robust education statistics, data systems (EMIS), and institutional evaluations to monitor and ensure quality in educational access.
 
PROPOSAL: ['Education statistics and indicators', 'EMIS and data systems', 'Institutional evaluation and inspection']

TURN 3 AGENT Agent A SUMMARY:
The debate centers on improving educational access in areas with inadequate school infrastructure by focusing on ensuring children attend school for a minimum required duration rather than expanding school numbers. It emphasizes the importance of education statistics, EMIS systems, and institutional evaluations to track and maintain quality in educational access.
 
PROPOSAL: ['Education statistics and indicators', 'EMIS and data systems', 'Institutional evaluation and inspection', 'Research and surveys']

TURN 3 AGENT Agent B SUMMARY:
The debate focuses on addressing educational access in regions with insufficient school infrastructure by prioritizing the assurance of minimum schooling duration for children over expanding school numbers. It highlights the need for robust education statistics, EMIS systems, institutional evaluations, and research to monitor and enhance the quality of educational access.
 
PROPOSAL: ['Education statistics and indicators', 'EMIS and data systems', 'Institutional evaluation and inspection', 'Research and surveys']
============================================================
BEGIN LOW-LEVEL DEBATE: 2) Recognizes that in countries where the number of schools ...
============================================================

TURN 1 AGENT Agent A SUMMARY:

 
PROPOSAL: ['School buildings and physical infrastructure', 'Classrooms and learning environments', 'Teaching and learning materials', 'ICT and digital infrastructure', 'Laboratories and libraries', 'WASH facilities (water, sanitation and hygiene)', 'Transport and boarding']

TURN 1 AGENT Agent B SUMMARY:

 
PROPOSAL: ['School buildings and physical infrastructure', 'Classrooms and learning environments', 'Teaching and learning materials', 'WASH facilities (water, sanitation and hygiene)']

TURN 2 AGENT Agent A SUMMARY:

 
PROPOSAL: ['School buildings and physical infrastructure', 'Classrooms and learning environments', 'Teaching and learning materials', 'WASH facilities (water, sanitation and hygiene)']

TURN 2 AGENT Agent B SUMMARY:
The debate focuses on addressing educational infrastructure gaps in regions with insufficient schools relative to the school-age population. The emphasis is on ensuring access to schooling rather than expanding the number of schools. Key areas discussed include physical infrastructure, classrooms, learning materials, and hygiene facilities. The discussion highlights the need for foundational resources to support basic education before considering expansion.
 
PROPOSAL: ['School buildings and physical infrastructure', 'Classrooms and learning environments', 'WASH facilities (water, sanitation and hygiene)']

TURN 3 AGENT Agent A SUMMARY:
The debate centers on prioritizing access to existing educational infrastructure over expanding school numbers in regions with insufficient schools. The focus is on ensuring all children can attend school for a minimum duration, emphasizing foundational resources like physical infrastructure, classrooms, hygiene facilities, and learning environments. The discussion underscores the importance of addressing basic needs before considering scalability.
 
PROPOSAL: ['School buildings and physical infrastructure', 'Classrooms and learning environments', 'WASH facilities (water, sanitation and hygiene)']

TURN 3 AGENT Agent B SUMMARY:
The debate focuses on addressing foundational educational infrastructure in regions with insufficient schools, prioritizing access to existing facilities over expanding school numbers. The emphasis is on ensuring children can attend school for a minimum duration, with key areas including physical infrastructure, classrooms, hygiene facilities, and learning environments. The discussion highlights the need to address basic needs before considering scalability.
 
PROPOSAL: ['School buildings and physical infrastructure', 'Classrooms and learning environments', 'WASH facilities (water, sanitation and hygiene)']
============================================================
BEGIN HIGH-LEVEL DEBATE: 3) While acknowledging that the number of compulsory school ...
============================================================

TURN 1 AGENT Agent A SUMMARY:

 
============================================================
PROPOSAL: ['Education level']
ORCHESTRATOR RESULT: {'summary': 'The debate discusses the minimum number of years of schooling, emphasizing that it should not be less than seven and noting that many countries already exceed this minimum. The focus is on establishing a baseline for educational attainment.', 'continue': True, 'selection': ['Education level']}

TURN 1 AGENT Agent B SUMMARY:
The debate discusses the minimum number of years of schooling, emphasizing that it should not be less than seven and noting that many countries already exceed this minimum. The focus is on establishing a baseline for educational attainment.
 
============================================================
PROPOSAL: ['Education level']
ORCHESTRATOR RESULT: {'summary': 'The debate centers on establishing a minimum threshold for years of schooling, with the consensus that seven years should not be exceeded as a baseline. It highlights that many nations already surpass this benchmark, underscoring the importance of ensuring foundational educational attainment across diverse contexts.', 'continue': True, 'selection': ['Education level']}

TURN 2 AGENT Agent A SUMMARY:
The debate centers on establishing a minimum threshold for years of schooling, with the consensus that seven years should not be exceeded as a baseline. It highlights that many nations already surpass this benchmark, underscoring the importance of ensuring foundational educational attainment across diverse contexts.
 
============================================================
PROPOSAL: ['Education level', 'Policy theme']
ORCHESTRATOR RESULT: {'summary': 'The debate focuses on setting a minimum standard for years of schooling, emphasizing that no country should fall below seven years of actual schooling. It acknowledges variations in compulsory education duration across nations but highlights that many already exceed this minimum, reinforcing the need for equitable educational access and foundational learning.', 'continue': True, 'selection': ['Education level', 'Policy theme', 'Cross-cutting themes & skills']}

TURN 2 AGENT Agent B SUMMARY:
The debate focuses on setting a minimum standard for years of schooling, emphasizing that no country should fall below seven years of actual schooling. It acknowledges variations in compulsory education duration across nations but highlights that many already exceed this minimum, reinforcing the need for equitable educational access and foundational learning.
 
============================================================
PROPOSAL: ['Education level', 'Policy theme']
ORCHESTRATOR RESULT: {'summary': 'The debate centers on establishing a universal minimum of seven years of actual schooling, recognizing that compulsory education durations differ by country. It underscores that many nations already surpass this benchmark, stressing the importance of ensuring equitable access to foundational education and maintaining educational quality across diverse systems.', 'continue': True, 'selection': ['Education level', 'Policy theme', 'Cross-cutting themes & skills']}

TURN 3 AGENT Agent A SUMMARY:
The debate centers on establishing a universal minimum of seven years of actual schooling, recognizing that compulsory education durations differ by country. It underscores that many nations already surpass this benchmark, stressing the importance of ensuring equitable access to foundational education and maintaining educational quality across diverse systems.
 
============================================================
PROPOSAL: ['Education level', 'Policy theme', 'Cross-cutting themes & skills', 'Curriculum']
ORCHESTRATOR RESULT: {'summary': 'The debate focuses on setting a global standard for minimum schooling duration, emphasizing that while compulsory education lengths vary, the actual years of schooling should not fall below seven. It highlights that many countries already meet or exceed this threshold, underscoring the need for equitable access to foundational education and maintaining quality across different systems.', 'continue': True, 'selection': ['Education level', 'Policy theme', 'Cross-cutting themes & skills', 'Curriculum']}

TURN 3 AGENT Agent B SUMMARY:
The debate focuses on setting a global standard for minimum schooling duration, emphasizing that while compulsory education lengths vary, the actual years of schooling should not fall below seven. It highlights that many countries already meet or exceed this threshold, underscoring the need for equitable access to foundational education and maintaining quality across different systems.
 
============================================================
PROPOSAL: ['Education level', 'Policy theme']
ORCHESTRATOR RESULT: {'summary': 'The debate centers on establishing a global minimum of seven years of schooling, recognizing variations in compulsory education duration across countries. It emphasizes the importance of ensuring equitable access to foundational education and maintaining quality, as many nations already surpass this benchmark.', 'continue': True, 'selection': ['Education level', 'Policy theme', 'Cross-cutting themes & skills']}

TURN 4 AGENT Agent A SUMMARY:
The debate centers on establishing a global minimum of seven years of schooling, recognizing variations in compulsory education duration across countries. It emphasizes the importance of ensuring equitable access to foundational education and maintaining quality, as many nations already surpass this benchmark.
 
============================================================
PROPOSAL: ['Education level', 'Policy theme', 'Cross-cutting themes & skills', 'Curriculum']
ORCHESTRATOR RESULT: {'summary': 'The debate focuses on setting a global standard for minimum schooling duration, with a consensus that seven years is a desirable baseline, though actual compulsory schooling varies by country. The discussion highlights the need for equitable access, quality education, and acknowledges that many nations already exceed this threshold.', 'continue': True, 'selection': ['Education level', 'Policy theme', 'Cross-cutting themes & skills', 'Curriculum']}

TURN 4 AGENT Agent B SUMMARY:
The debate focuses on setting a global standard for minimum schooling duration, with a consensus that seven years is a desirable baseline, though actual compulsory schooling varies by country. The discussion highlights the need for equitable access, quality education, and acknowledges that many nations already exceed this threshold.
 
============================================================
PROPOSAL: ['Education level', 'Policy theme']
ORCHESTRATOR RESULT: {'summary': 'The debate centers on establishing a global minimum of seven years of schooling as a desirable standard, recognizing that compulsory education durations vary by country. While many nations already surpass this benchmark, the discussion emphasizes ensuring equitable access and quality education.', 'continue': True, 'selection': ['Education level', 'Policy theme']}

TURN 5 AGENT Agent A SUMMARY:
The debate centers on establishing a global minimum of seven years of schooling as a desirable standard, recognizing that compulsory education durations vary by country. While many nations already surpass this benchmark, the discussion emphasizes ensuring equitable access and quality education.
 
============================================================
PROPOSAL: ['Education level', 'Policy theme', 'Cross-cutting themes & skills']
ORCHESTRATOR RESULT: {'summary': 'The debate focuses on setting a global standard for minimum schooling duration, advocating for at least seven years of education while acknowledging existing variations in compulsory schooling across countries. The discussion highlights the importance of ensuring equitable access and quality education, with many nations already exceeding this threshold.', 'continue': True, 'selection': ['Education level', 'Policy theme', 'Cross-cutting themes & skills']}

TURN 5 AGENT Agent B SUMMARY:
The debate focuses on setting a global standard for minimum schooling duration, advocating for at least seven years of education while acknowledging existing variations in compulsory schooling across countries. The discussion highlights the importance of ensuring equitable access and quality education, with many nations already exceeding this threshold.
 
============================================================
PROPOSAL: ['Education level', 'Policy theme']
ORCHESTRATOR RESULT: {'summary': 'The debate centers on establishing a global minimum of seven years of schooling, recognizing that compulsory education durations differ by country. It emphasizes the need for equitable access and quality education, noting that many nations already surpass this benchmark. The discussion touches on policy frameworks and international standards to ensure consistent educational outcomes.', 'continue': True, 'selection': ['Education level', 'Policy theme', 'Cross-cutting themes & skills']}
============================================================
BEGIN LOW-LEVEL DEBATE: 3) While acknowledging that the number of compulsory school ...
============================================================

TURN 1 AGENT Agent A SUMMARY:

 
PROPOSAL: ['Primary education (ISCED 1)', 'Lower secondary education (ISCED 2)', 'Upper secondary education (ISCED 3)']
============================================================
BEGIN LOW-LEVEL DEBATE: 3) While acknowledging that the number of compulsory school ...
============================================================

TURN 1 AGENT Agent A SUMMARY:

 
PROPOSAL: ['Access and equity', 'Quality and learning outcomes', 'Governance and planning']

TURN 1 AGENT Agent B SUMMARY:
The debate discusses the minimum number of years of schooling, emphasizing that it should not be less than seven and is already exceeded in many countries. The focus is on ensuring adequate educational access and quality.
 
PROPOSAL: ['Quality and learning outcomes']

TURN 2 AGENT Agent A SUMMARY:
The debate centers on establishing a minimum of seven years of schooling as a baseline, with many countries already surpassing this threshold. The discussion highlights the importance of ensuring sufficient educational quality and access to meet this standard.
 
PROPOSAL: ['Quality and learning outcomes', 'Access and equity', 'Governance and planning']

TURN 2 AGENT Agent B SUMMARY:
The debate focuses on setting a minimum of seven years of schooling as a foundational standard, with many nations already exceeding this benchmark. The discussion emphasizes the need to balance access, quality, and governance to ensure equitable educational opportunities.
 
PROPOSAL: ['Quality and learning outcomes', 'Governance and planning']

TURN 3 AGENT Agent A SUMMARY:
The debate focuses on setting a minimum of seven years of schooling as a foundational standard, with many nations already exceeding this benchmark. The discussion emphasizes the need to balance access, quality, and governance to ensure equitable educational opportunities.
 
PROPOSAL: ['Quality and learning outcomes', 'Governance and planning', 'Access and equity']

TURN 3 AGENT Agent B SUMMARY:
The debate focuses on setting a minimum of seven years of schooling as a foundational standard, with many nations already exceeding this benchmark. The discussion emphasizes the need to balance access, quality, and governance to ensure equitable educational opportunities.
 
PROPOSAL: ['Quality and learning outcomes', 'Access and equity']
============================================================
BEGIN LOW-LEVEL DEBATE: 3) While acknowledging that the number of compulsory school ...
============================================================

TURN 1 AGENT Agent A SUMMARY:

 
PROPOSAL: []

TURN 1 AGENT Agent B SUMMARY:
The debate discusses the minimum number of years of schooling, with a focus on ensuring at least seven years of education. The discussion does not directly address specific educational themes but emphasizes the importance of foundational education. No explicit connection to the allowed labels is made.
 
PROPOSAL: []

TURN 2 AGENT Agent A SUMMARY:
The debate centers on the minimum number of years of schooling, advocating for at least seven years of education as a baseline. While the discussion highlights the importance of foundational education, it does not explicitly link to specific educational themes from the provided list.
 
PROPOSAL: ['Life skills and 21st century competencies', 'Sustainable development and climate action']

TURN 2 AGENT Agent B SUMMARY:
The debate focuses on establishing a minimum of seven years of schooling as a global standard, emphasizing foundational education. While the discussion does not directly address specific educational themes, it implies a need for comprehensive learning that may encompass life skills and sustainable development.
 
PROPOSAL: ['Life skills and 21st century competencies']

TURN 3 AGENT Agent A SUMMARY:
The debate focuses on establishing a minimum of seven years of schooling as a global standard, emphasizing foundational education. While the discussion does not directly address specific educational themes, it implies a need for comprehensive learning that may encompass life skills and sustainable development.
 
PROPOSAL: ['Life skills and 21st century competencies', 'Sustainable development and climate action']
============================================================
BEGIN HIGH-LEVEL DEBATE: 4) Considers that the school leaving age should not be set b...
============================================================

TURN 1 AGENT Agent A SUMMARY:

 
============================================================
PROPOSAL: ['Education orientation', 'Policy theme', 'Curriculum']
ORCHESTRATOR RESULT: {'summary': 'The debate centers on the appropriate age for school leaving, emphasizing the need to ensure comprehensive development before leaving. The discussion touches on educational policies, curriculum design, and the broader orientation of education systems.', 'continue': True, 'selection': ['Education orientation', 'Policy theme', 'Curriculum']}

TURN 1 AGENT Agent B SUMMARY:
The debate centers on the appropriate age for school leaving, emphasizing the need to ensure comprehensive development before leaving. The discussion touches on educational policies, curriculum design, and the broader orientation of education systems.
 
============================================================
PROPOSAL: ['Education orientation', 'Policy theme']
ORCHESTRATOR RESULT: {'summary': 'The debate focuses on setting the school leaving age at a point where physical, intellectual, and moral development are adequately addressed. It highlights the importance of aligning educational policies with developmental milestones and the broader orientation of education systems.', 'continue': True, 'selection': ['Education orientation', 'Policy theme', 'Curriculum']}

TURN 2 AGENT Agent A SUMMARY:
The debate focuses on setting the school leaving age at a point where physical, intellectual, and moral development are adequately addressed. It highlights the importance of aligning educational policies with developmental milestones and the broader orientation of education systems.
 
============================================================
PROPOSAL: ['Education orientation', 'Policy theme', 'Curriculum', 'Cross-cutting themes & skills']
ORCHESTRATOR RESULT: {'summary': 'The debate centers on determining the school leaving age based on the comprehensive development of students, including physical, intellectual, and moral education. It emphasizes aligning educational policies with developmental milestones and the broader orientation of education systems, while considering curriculum design and cross-cutting themes that support holistic growth.', 'continue': True, 'selection': ['Education orientation', 'Policy theme', 'Curriculum', 'Cross-cutting themes & skills']}

TURN 2 AGENT Agent B SUMMARY:
The debate centers on determining the school leaving age based on the comprehensive development of students, including physical, intellectual, and moral education. It emphasizes aligning educational policies with developmental milestones and the broader orientation of education systems, while considering curriculum design and cross-cutting themes that support holistic growth.
 
============================================================
PROPOSAL: ['Education orientation', 'Policy theme', 'Cross-cutting themes & skills']
ORCHESTRATOR RESULT: {'summary': 'The debate focuses on setting the school leaving age in alignment with the holistic development of students, ensuring their physical, intellectual, and moral education is adequately addressed. It highlights the need for policies that reflect educational orientation and cross-cutting themes, while considering systemic frameworks and curriculum design to support comprehensive growth.', 'continue': True, 'selection': ['Education orientation', 'Policy theme', 'Cross-cutting themes & skills']}

TURN 3 AGENT Agent A SUMMARY:
The debate focuses on setting the school leaving age in alignment with the holistic development of students, ensuring their physical, intellectual, and moral education is adequately addressed. It highlights the need for policies that reflect educational orientation and cross-cutting themes, while considering systemic frameworks and curriculum design to support comprehensive growth.
 
============================================================
PROPOSAL: ['Education orientation', 'Policy theme', 'Cross-cutting themes & skills', 'Curriculum']
ORCHESTRATOR RESULT: {'summary': 'The debate centers on determining the school leaving age in relation to the comprehensive development of students, emphasizing the necessity of ensuring sufficient physical, intellectual, and moral education. It underscores the importance of policy frameworks, curriculum design, and cross-cutting themes to support holistic growth.', 'continue': True, 'selection': ['Education orientation', 'Policy theme', 'Cross-cutting themes & skills', 'Curriculum']}

TURN 3 AGENT Agent B SUMMARY:
The debate centers on determining the school leaving age in relation to the comprehensive development of students, emphasizing the necessity of ensuring sufficient physical, intellectual, and moral education. It underscores the importance of policy frameworks, curriculum design, and cross-cutting themes to support holistic growth.
 
============================================================
PROPOSAL: ['Education orientation', 'Policy theme', 'Curriculum']
ORCHESTRATOR RESULT: {'summary': 'The debate focuses on the appropriate school leaving age, emphasizing the need to ensure adequate physical, intellectual, and moral development before students leave school. It highlights the role of policy frameworks, curriculum design, and cross-cutting themes in supporting holistic education.', 'continue': True, 'selection': ['Education orientation', 'Policy theme', 'Curriculum']}

TURN 4 AGENT Agent A SUMMARY:
The debate focuses on the appropriate school leaving age, emphasizing the need to ensure adequate physical, intellectual, and moral development before students leave school. It highlights the role of policy frameworks, curriculum design, and cross-cutting themes in supporting holistic education.
 
============================================================
PROPOSAL: ['Education orientation', 'Policy theme', 'Curriculum', 'Cross-cutting themes & skills']
ORCHESTRATOR RESULT: {'summary': 'The debate centers on determining the optimal school leaving age, prioritizing the completion of physical, intellectual, and moral education. It underscores the importance of policy themes, curriculum structure, and cross-cutting themes to foster holistic development.', 'continue': True, 'selection': ['Education orientation', 'Policy theme', 'Curriculum', 'Cross-cutting themes & skills']}

TURN 4 AGENT Agent B SUMMARY:
The debate centers on determining the optimal school leaving age, prioritizing the completion of physical, intellectual, and moral education. It underscores the importance of policy themes, curriculum structure, and cross-cutting themes to foster holistic development.
 
============================================================
PROPOSAL: ['Education orientation', 'Policy theme', 'Cross-cutting themes & skills']
ORCHESTRATOR RESULT: {'summary': 'The debate focuses on setting an appropriate school leaving age that ensures comprehensive development, emphasizing the necessity of physical, intellectual, and moral education. Key considerations include policy frameworks, curriculum design, and cross-cutting themes to support holistic learning.', 'continue': True, 'selection': ['Education orientation', 'Policy theme', 'Cross-cutting themes & skills']}

TURN 5 AGENT Agent A SUMMARY:
The debate focuses on setting an appropriate school leaving age that ensures comprehensive development, emphasizing the necessity of physical, intellectual, and moral education. Key considerations include policy frameworks, curriculum design, and cross-cutting themes to support holistic learning.
 
============================================================
PROPOSAL: ['Education orientation', 'Policy theme', 'Cross-cutting themes & skills', 'Curriculum']
ORCHESTRATOR RESULT: {'summary': 'The debate centers on determining an appropriate school leaving age that guarantees thorough physical, intellectual, and moral development. It highlights the importance of policy frameworks, curriculum design, and cross-cutting themes to foster holistic education. Additional emphasis is placed on ensuring educational orientation aligns with comprehensive learning outcomes.', 'continue': True, 'selection': ['Education orientation', 'Policy theme', 'Cross-cutting themes & skills', 'Curriculum', 'Legal frameworks']}

TURN 5 AGENT Agent B SUMMARY:
The debate centers on determining an appropriate school leaving age that guarantees thorough physical, intellectual, and moral development. It highlights the importance of policy frameworks, curriculum design, and cross-cutting themes to foster holistic education. Additional emphasis is placed on ensuring educational orientation aligns with comprehensive learning outcomes.
 
============================================================
PROPOSAL: ['Education orientation', 'Policy theme', 'Curriculum', 'Legal frameworks']
ORCHESTRATOR RESULT: {'summary': 'The debate focuses on establishing a school leaving age that ensures adequate physical, intellectual, and moral development. It emphasizes the role of legal frameworks in setting age requirements, policy themes in guiding educational standards, curriculum design to support holistic learning, and education orientation to align with developmental goals.', 'continue': True, 'selection': ['Legal frameworks', 'Policy theme', 'Curriculum', 'Education orientation']}
============================================================
BEGIN LOW-LEVEL DEBATE: 4) Considers that the school leaving age should not be set b...
============================================================

TURN 1 AGENT Agent A SUMMARY:

 
PROPOSAL: ['Education laws and regulations', 'Constitution and fundamental rights']

TURN 1 AGENT Agent B SUMMARY:
The debate centers on the appropriate age for school leaving, emphasizing the need to ensure adequate physical, intellectual, and moral development before allowing students to leave school. The discussion touches on legal frameworks governing education and constitutional rights related to child development and education.
 
PROPOSAL: ['Education laws and regulations', 'Constitution and fundamental rights']

TURN 2 AGENT Agent A SUMMARY:
The debate focuses on setting the school leaving age at a point that guarantees sufficient physical, intellectual, and moral education for children. It involves legal and constitutional considerations regarding child development and educational rights.
 
PROPOSAL: ['Constitution and fundamental rights', 'Education laws and regulations', 'Rights and obligations of stakeholders']

TURN 2 AGENT Agent B SUMMARY:
The debate centers on determining the appropriate school leaving age to ensure children receive adequate physical, intellectual, and moral education. It involves legal frameworks, constitutional principles, and the rights of stakeholders in education.
 
PROPOSAL: ['Education laws and regulations', 'Constitution and fundamental rights', 'Rights and obligations of stakeholders']

TURN 3 AGENT Agent A SUMMARY:
The debate centers on determining the appropriate school leaving age to ensure children receive adequate physical, intellectual, and moral education. It involves legal frameworks, constitutional principles, and the rights of stakeholders in education.
 
PROPOSAL: ['Education laws and regulations', 'Constitution and fundamental rights', 'Rights and obligations of stakeholders', 'Policy implementation and enforcement']

TURN 3 AGENT Agent B SUMMARY:
The debate focuses on setting the school leaving age to guarantee sufficient physical, intellectual, and moral education for children. It involves legal frameworks, constitutional principles, stakeholder rights, and policy implementation challenges.
 
PROPOSAL: ['Education laws and regulations', 'Constitution and fundamental rights', 'Rights and obligations of stakeholders', 'Policy implementation and enforcement']
============================================================
BEGIN LOW-LEVEL DEBATE: 4) Considers that the school leaving age should not be set b...
============================================================

TURN 1 AGENT Agent A SUMMARY:

 
PROPOSAL: ['Quality and learning outcomes', 'Governance and planning']

TURN 1 AGENT Agent B SUMMARY:
The debate centers on the importance of ensuring comprehensive development before setting the school leaving age, emphasizing the need for sufficient physical, intellectual, and moral education. The discussion highlights the balance between educational quality and structural governance in determining appropriate educational policies.
 
PROPOSAL: ['Quality and learning outcomes', 'Governance and planning']

TURN 2 AGENT Agent A SUMMARY:
The debate focuses on the necessity of ensuring adequate physical, intellectual, and moral development before establishing a school leaving age, with an emphasis on balancing educational quality and governance structures to achieve effective policy outcomes.
 
PROPOSAL: ['Quality and learning outcomes', 'Governance and planning', 'Health and well-being policies']

TURN 2 AGENT Agent B SUMMARY:
The debate centers on the importance of ensuring comprehensive development—physical, intellectual, and moral—before determining the school leaving age. It emphasizes aligning educational policies with quality outcomes and governance frameworks to support holistic growth, while also considering health and well-being as integral to this process.
 
PROPOSAL: ['Quality and learning outcomes', 'Governance and planning']

TURN 3 AGENT Agent A SUMMARY:
The debate centers on the importance of ensuring comprehensive development—physical, intellectual, and moral—before determining the school leaving age. It emphasizes aligning educational policies with quality outcomes and governance frameworks to support holistic growth, while also considering health and well-being as integral to this process.
 
PROPOSAL: ['Quality and learning outcomes', 'Governance and planning', 'Health and well-being policies']

TURN 3 AGENT Agent B SUMMARY:
The debate focuses on the necessity of ensuring a child's physical, intellectual, and moral development before establishing the school leaving age. It highlights the interplay between quality learning outcomes, governance structures, and health policies to foster holistic development and long-term well-being.
 
PROPOSAL: ['Quality and learning outcomes', 'Governance and planning']
============================================================
BEGIN LOW-LEVEL DEBATE: 4) Considers that the school leaving age should not be set b...
============================================================

TURN 1 AGENT Agent A SUMMARY:

 
PROPOSAL: ['Design and development', 'Organization and instructional time', 'Curriculum evaluation and reform']

TURN 1 AGENT Agent B SUMMARY:
The debate focuses on the appropriate age for setting the school leaving age, emphasizing the need to ensure sufficient physical, intellectual, and moral education before making such a decision. The discussion touches on curriculum design, instructional organization, and reform processes.
 
PROPOSAL: ['Design and development', 'Curriculum evaluation and reform']

TURN 2 AGENT Agent A SUMMARY:
The debate centers on the school leaving age and the necessity to ensure comprehensive physical, intellectual, and moral education before establishing it. The discussion includes curriculum design, instructional organization, and reform processes, with a focus on aligning educational outcomes with developmental readiness.
 
PROPOSAL: ['Design and development', 'Curriculum evaluation and reform', 'Organization and instructional time']

TURN 2 AGENT Agent B SUMMARY:
The debate focuses on setting the school leaving age only after ensuring adequate physical, intellectual, and moral education. It emphasizes curriculum design, instructional organization, and reform to align with developmental readiness and educational outcomes.
 
PROPOSAL: []

TURN 3 AGENT Agent A SUMMARY:
The debate centers on delaying the school leaving age until students have received sufficient physical, intellectual, and moral education. Key considerations include curriculum design, instructional organization, and reform to ensure developmental readiness and effective learning outcomes.
 
PROPOSAL: ['Design and development', 'Organization and instructional time', 'Curriculum evaluation and reform', 'Competency-based and learning outcomes']

TURN 3 AGENT Agent B SUMMARY:
The debate focuses on postponing the school leaving age to guarantee adequate physical, intellectual, and moral development. Discussions involve curriculum design, instructional organization, and reforms to align with developmental stages and learning outcomes.
 
PROPOSAL: ['Design and development', 'Organization and instructional time', 'Curriculum evaluation and reform']
============================================================
BEGIN LOW-LEVEL DEBATE: 4) Considers that the school leaving age should not be set b...
============================================================

TURN 1 AGENT Agent A SUMMARY:

 
PROPOSAL: ['General (academic)', 'Combined general and vocational']

TURN 1 AGENT Agent B SUMMARY:
The debate focuses on the appropriate school leaving age, emphasizing the need to ensure sufficient physical, intellectual, and moral education before setting this age. The discussion suggests that a balanced approach combining academic and vocational elements may be necessary to meet the developmental needs of students.
 
PROPOSAL: ['Combined general and vocational']

TURN 2 AGENT Agent A SUMMARY:
The debate centers on the school leaving age, advocating for its determination based on the completion of essential physical, intellectual, and moral education. There is a consensus towards a balanced educational approach that integrates both academic and vocational components to cater to diverse student needs.
 
PROPOSAL: ['General (academic)', 'Vocational/technical (TVET)']

TURN 2 AGENT Agent B SUMMARY:
The debate focuses on setting the school leaving age after ensuring adequate physical, intellectual, and moral education. There is a growing emphasis on balancing academic and vocational training to meet diverse student needs and prepare them for various life paths.
 
PROPOSAL: ['Combined general and vocational']

TURN 3 AGENT Agent A SUMMARY:
The debate centers on delaying the school leaving age until students have received sufficient physical, intellectual, and moral education. There is a focus on integrating both academic and vocational training to cater to diverse student needs and prepare them for varied career paths.
 
PROPOSAL: ['General (academic)', 'Vocational/technical (TVET)']

TURN 3 AGENT Agent B SUMMARY:
The debate emphasizes the importance of ensuring comprehensive development—physical, intellectual, and moral—before setting a school leaving age. There is a recognition of the need to balance academic and vocational training to meet diverse student needs and prepare them for various career paths.
 
PROPOSAL: ['Combined general and vocational']
============================================================
BEGIN HIGH-LEVEL DEBATE: 5) Draws the attention of Governments to the importance of e...
============================================================

TURN 1 AGENT Agent A SUMMARY:

 
============================================================
PROPOSAL: ['Education level', 'Policy theme', 'Legal frameworks', 'Stakeholder focus']
ORCHESTRATOR RESULT: {'summary': 'The debate centers on the implementation of compulsory schooling and associated sanctions, emphasizing the need for governmental action to ensure compliance. Key discussion points include the legal frameworks governing education, policy themes related to compulsory education, and the role of stakeholders in enforcing these measures. The focus remains on ensuring that legal and policy structures support effective implementation.', 'continue': True, 'selection': ['Education level', 'Policy theme', 'Legal frameworks', 'Stakeholder focus']}

TURN 1 AGENT Agent B SUMMARY:
The debate centers on the implementation of compulsory schooling and associated sanctions, emphasizing the need for governmental action to ensure compliance. Key discussion points include the legal frameworks governing education, policy themes related to compulsory education, and the role of stakeholders in enforcing these measures. The focus remains on ensuring that legal and policy structures support effective implementation.
 
============================================================
PROPOSAL: ['Education level', 'Policy theme', 'Legal frameworks', 'Stakeholder focus']
ORCHESTRATOR RESULT: {'summary': 'The debate continues to focus on the implementation of compulsory schooling and sanctions, highlighting the necessity for governments to create supportive systems that enable compliance. Legal frameworks, policy themes, and stakeholder roles are central to the discussion, with an emphasis on aligning legal structures with practical enforcement mechanisms.', 'continue': True, 'selection': ['Education level', 'Policy theme', 'Legal frameworks', 'Stakeholder focus']}

TURN 2 AGENT Agent A SUMMARY:
The debate continues to focus on the implementation of compulsory schooling and sanctions, highlighting the necessity for governments to create supportive systems that enable compliance. Legal frameworks, policy themes, and stakeholder roles are central to the discussion, with an emphasis on aligning legal structures with practical enforcement mechanisms.
 
============================================================
PROPOSAL: ['Education level', 'Policy theme', 'Legal frameworks', 'Stakeholder focus', 'Education system monitoring & evaluation']
ORCHESTRATOR RESULT: {'summary': 'The debate emphasizes the need for governments to ensure compulsory schooling through effective legal frameworks and policy measures, while also addressing the practical support required for compliance. Stakeholder engagement, system monitoring, and enforcement mechanisms are critical areas of focus.', 'continue': True, 'selection': ['Policy theme', 'Legal frameworks', 'Stakeholder focus', 'Education system monitoring & evaluation', 'Education level']}

TURN 2 AGENT Agent B SUMMARY:
The debate emphasizes the need for governments to ensure compulsory schooling through effective legal frameworks and policy measures, while also addressing the practical support required for compliance. Stakeholder engagement, system monitoring, and enforcement mechanisms are critical areas of focus.
 
============================================================
PROPOSAL: []
ORCHESTRATOR RESULT: {'summary': 'The debate underscores the necessity for governments to implement compulsory schooling policies with robust legal frameworks and enforceable sanctions, while ensuring practical support systems are in place to facilitate compliance. Key areas include legal frameworks, policy themes, and system monitoring. Stakeholder engagement and enforcement mechanisms remain critical.', 'continue': True, 'selection': ['Legal frameworks', 'Policy theme', 'Education system monitoring & evaluation', 'Stakeholder focus']}

TURN 3 AGENT Agent A SUMMARY:
The debate underscores the necessity for governments to implement compulsory schooling policies with robust legal frameworks and enforceable sanctions, while ensuring practical support systems are in place to facilitate compliance. Key areas include legal frameworks, policy themes, and system monitoring. Stakeholder engagement and enforcement mechanisms remain critical.
 
============================================================
PROPOSAL: ['Legal frameworks', 'Policy theme', 'Education system monitoring & evaluation', 'Stakeholder focus']
ORCHESTRATOR RESULT: {'summary': 'The debate emphasizes the need for governments to establish compulsory schooling policies supported by legal frameworks and enforceable sanctions, alongside practical measures to ensure compliance. It highlights the importance of policy themes, system monitoring, and stakeholder engagement in effectively implementing these measures.', 'continue': True, 'selection': ['Legal frameworks', 'Policy theme', 'Education system monitoring & evaluation', 'Stakeholder focus']}

TURN 3 AGENT Agent B SUMMARY:
The debate emphasizes the need for governments to establish compulsory schooling policies supported by legal frameworks and enforceable sanctions, alongside practical measures to ensure compliance. It highlights the importance of policy themes, system monitoring, and stakeholder engagement in effectively implementing these measures.
 
============================================================
PROPOSAL: ['Legal frameworks', 'Policy theme', 'Stakeholder focus']
ORCHESTRATOR RESULT: {'summary': 'The debate underscores the necessity for governments to implement compulsory schooling policies, supported by legal frameworks and enforceable sanctions, while ensuring practical measures to facilitate compliance. It highlights the importance of policy themes, system monitoring, stakeholder engagement, and the role of legal structures in enforcing educational obligations.', 'continue': True, 'selection': ['Legal frameworks', 'Policy theme', 'Stakeholder focus']}

TURN 4 AGENT Agent A SUMMARY:
The debate underscores the necessity for governments to implement compulsory schooling policies, supported by legal frameworks and enforceable sanctions, while ensuring practical measures to facilitate compliance. It highlights the importance of policy themes, system monitoring, stakeholder engagement, and the role of legal structures in enforcing educational obligations.
 
============================================================
PROPOSAL: ['Legal frameworks', 'Policy theme', 'Stakeholder focus', 'Education system monitoring & evaluation']
ORCHESTRATOR RESULT: {'summary': 'The debate emphasizes the critical need for governments to establish and enforce compulsory schooling policies, supported by robust legal frameworks and effective sanctions. It underscores the importance of aligning these policies with practical measures to ensure compliance, highlighting the role of policy themes, system monitoring, stakeholder engagement, and legal structures in achieving educational obligations.', 'continue': True, 'selection': ['Legal frameworks', 'Policy theme', 'Stakeholder focus', 'Education system monitoring & evaluation']}

TURN 4 AGENT Agent B SUMMARY:
The debate emphasizes the critical need for governments to establish and enforce compulsory schooling policies, supported by robust legal frameworks and effective sanctions. It underscores the importance of aligning these policies with practical measures to ensure compliance, highlighting the role of policy themes, system monitoring, stakeholder engagement, and legal structures in achieving educational obligations.
 
============================================================
PROPOSAL: ['Policy theme', 'Legal frameworks', 'Stakeholder focus']
ORCHESTRATOR RESULT: {'summary': 'The debate highlights the necessity for governments to implement compulsory schooling policies with accompanying legal frameworks and sanctions. It stresses the importance of ensuring compliance through practical measures, emphasizing policy themes, legal structures, stakeholder engagement, and system monitoring as key components for effective educational enforcement.', 'continue': True, 'selection': ['Policy theme', 'Legal frameworks', 'Stakeholder focus', 'Education system monitoring & evaluation']}

TURN 5 AGENT Agent A SUMMARY:
The debate highlights the necessity for governments to implement compulsory schooling policies with accompanying legal frameworks and sanctions. It stresses the importance of ensuring compliance through practical measures, emphasizing policy themes, legal structures, stakeholder engagement, and system monitoring as key components for effective educational enforcement.
 
============================================================
PROPOSAL: ['Policy theme', 'Legal frameworks', 'Stakeholder focus', 'Education system monitoring & evaluation', 'Education level']
ORCHESTRATOR RESULT: {'summary': 'The debate emphasizes the need for governments to enforce compulsory schooling through legal frameworks and sanctions, while ensuring practical measures are in place to support compliance. Key areas include policy development, legal structures, stakeholder involvement, and system monitoring to effectively implement and sustain compulsory education.', 'continue': True, 'selection': ['Policy theme', 'Legal frameworks', 'Stakeholder focus', 'Education system monitoring & evaluation', 'Education level']}

TURN 5 AGENT Agent B SUMMARY:
The debate emphasizes the need for governments to enforce compulsory schooling through legal frameworks and sanctions, while ensuring practical measures are in place to support compliance. Key areas include policy development, legal structures, stakeholder involvement, and system monitoring to effectively implement and sustain compulsory education.
 
============================================================
PROPOSAL: ['Policy theme', 'Legal frameworks', 'Stakeholder focus', 'Education system monitoring & evaluation']
ORCHESTRATOR RESULT: {'summary': 'The debate highlights the necessity for governments to enforce compulsory schooling through legal frameworks and sanctions, while ensuring practical measures are in place to support compliance. Key areas include policy development, legal structures, stakeholder involvement, and system monitoring to effectively implement and sustain compulsory education.', 'continue': False, 'selection': ['Policy theme', 'Legal frameworks', 'Stakeholder focus', 'Education system monitoring & evaluation']}
============================================================
BEGIN LOW-LEVEL DEBATE: 5) Draws the attention of Governments to the importance of e...
============================================================

TURN 1 AGENT Agent A SUMMARY:

 
PROPOSAL: ['Governance and planning', 'Accountability and transparency']

TURN 1 AGENT Agent B SUMMARY:
The debate focuses on the implementation of compulsory schooling and sanctions for non-compliance, emphasizing the need for governmental efforts to ensure accessibility and enforceability. The discussion highlights the importance of aligning policy frameworks with practical measures to support compliance, suggesting that governance structures and accountability mechanisms are critical in this context.
 
PROPOSAL: ['Governance and planning', 'Accountability and transparency']
============================================================
BEGIN LOW-LEVEL DEBATE: 5) Draws the attention of Governments to the importance of e...
============================================================

TURN 1 AGENT Agent A SUMMARY:

 
PROPOSAL: ['Education laws and regulations', 'Policy implementation and enforcement', 'Rights and obligations of stakeholders']

TURN 1 AGENT Agent B SUMMARY:
The debate focuses on the necessity for governments to ensure compulsory schooling and sanctions for non-compliance, while also addressing the practical efforts required to facilitate full adherence to this obligation. The discussion highlights the interplay between legal frameworks, policy execution, and the responsibilities of various stakeholders.
 
PROPOSAL: ['Education laws and regulations', 'Policy implementation and enforcement', 'Rights and obligations of stakeholders']

TURN 2 AGENT Agent A SUMMARY:
The debate emphasizes the critical need for governments to implement compulsory schooling policies with effective sanctions, while ensuring that authorities provide the necessary resources and support to enable full compliance. It underscores the balance between legal obligations and practical enforcement, involving stakeholders' responsibilities and the effectiveness of educational regulations.
 
PROPOSAL: ['Education laws and regulations', 'Policy implementation and enforcement', 'Rights and obligations of stakeholders']

TURN 2 AGENT Agent B SUMMARY:
The debate highlights the necessity for governments to enforce compulsory schooling laws with appropriate sanctions, while ensuring that authorities provide adequate support to facilitate compliance. It stresses the interplay between legal frameworks, policy execution, and the responsibilities of stakeholders in achieving educational obligations.
 
PROPOSAL: ['Education laws and regulations', 'Policy implementation and enforcement', 'Rights and obligations of stakeholders']

TURN 3 AGENT Agent A SUMMARY:
The debate emphasizes the need for governments to enforce compulsory schooling laws with sanctions, while ensuring authorities provide sufficient support to enable compliance. It underscores the balance between legal frameworks, policy implementation, and the responsibilities of stakeholders in fulfilling educational obligations.
 
PROPOSAL: ['Education laws and regulations', 'Policy implementation and enforcement', 'Rights and obligations of stakeholders']

TURN 3 AGENT Agent B SUMMARY:
The debate highlights the necessity for governments to enforce compulsory schooling laws with sanctions, while ensuring authorities provide adequate support to facilitate compliance. It stresses the interplay between legal frameworks, policy implementation, and the responsibilities of stakeholders in upholding educational obligations.
 
PROPOSAL: ['Education laws and regulations', 'Policy implementation and enforcement', 'Rights and obligations of stakeholders']
============================================================
BEGIN LOW-LEVEL DEBATE: 5) Draws the attention of Governments to the importance of e...
============================================================

TURN 1 AGENT Agent A SUMMARY:

 
PROPOSAL: ['Government and policy makers']

TURN 1 AGENT Agent B SUMMARY:
The debate highlights the need for governments to ensure compulsory schooling and sanctions for non-compliance, while also addressing the practical measures required to support full compliance. The focus remains on governmental responsibility and policy implementation.
 
PROPOSAL: ['Government and policy makers']

TURN 2 AGENT Agent A SUMMARY:
The debate emphasizes the critical role of government and policy makers in implementing compulsory schooling policies, including sanctions for non-compliance, and ensuring that necessary support mechanisms are in place to facilitate full compliance. The discussion centers on governmental responsibility and the practical steps required for effective policy execution.
 
PROPOSAL: ['Government and policy makers']

TURN 2 AGENT Agent B SUMMARY:
The debate highlights the necessity for government and policy makers to not only establish compulsory schooling policies and sanctions but also to provide the necessary support systems to ensure compliance. The focus remains on governmental responsibility and the implementation of effective measures.
 
PROPOSAL: ['Government and policy makers']

TURN 3 AGENT Agent A SUMMARY:
The debate emphasizes the need for government and policy makers to ensure that compulsory schooling policies and sanctions are supported by adequate resources and efforts to facilitate full compliance. The discussion centers on governmental responsibility and the implementation of effective measures.
 
PROPOSAL: ['Government and policy makers']

TURN 3 AGENT Agent B SUMMARY:
The debate highlights the necessity for government and policy makers to ensure that compulsory schooling policies, along with sanctions for non-compliance, are supported by sufficient resources and efforts to enable full compliance. The focus remains on governmental responsibility and the implementation of effective measures.
 
PROPOSAL: ['Government and policy makers']
============================================================
BEGIN LOW-LEVEL DEBATE: 5) Draws the attention of Governments to the importance of e...
============================================================

TURN 1 AGENT Agent A SUMMARY:

 
PROPOSAL: ['Education statistics and indicators', 'Institutional evaluation and inspection']

TURN 1 AGENT Agent B SUMMARY:
The debate focuses on the implementation of compulsory schooling and the necessity for governmental efforts to ensure compliance. The discussion highlights the importance of institutional evaluation and inspection alongside education statistics and indicators to monitor and enforce educational obligations.
 
PROPOSAL: ['Education statistics and indicators', 'Institutional evaluation and inspection']

TURN 2 AGENT Agent A SUMMARY:
The debate focuses on the implementation of compulsory schooling and the necessity for governmental efforts to ensure compliance. The discussion highlights the importance of institutional evaluation and inspection alongside education statistics and indicators to monitor and enforce educational obligations.
 
PROPOSAL: ['Education statistics and indicators', 'Institutional evaluation and inspection', 'Quality assurance and accreditation']

TURN 2 AGENT Agent B SUMMARY:
The debate centers on the implementation of compulsory schooling and the role of governmental action in ensuring compliance. It emphasizes the need for institutional evaluation and inspection, alongside education statistics and indicators, to effectively monitor and enforce educational obligations. Quality assurance and accreditation are also considered relevant in maintaining standards.
 
PROPOSAL: ['Institutional evaluation and inspection', 'Education statistics and indicators']

TURN 3 AGENT Agent A SUMMARY:
The debate continues to focus on the implementation of compulsory schooling and governmental responsibility in ensuring compliance. There is emphasis on institutional evaluation and inspection, education statistics and indicators, and the necessity of quality assurance mechanisms to support effective enforcement and standardization of educational obligations.
 
PROPOSAL: ['Institutional evaluation and inspection', 'Education statistics and indicators', 'Quality assurance and accreditation']
